2025-11-21 03:55:29 - Image uploaded: car_photo -> uploads/drafts/1763677529_guest_3335c4b9_car1.jpg
2025-11-21 03:56:47 - Image uploaded: car_km_photo -> uploads/drafts/1763677606_guest_e63bf427_car4.jpg
2025-11-21 03:57:00 - Image uploaded: chassis_plate_photo -> uploads/drafts/1763677619_guest_46409276_car5.jpg
2025-11-21 04:03:50 - Image uploaded: radiator_core_image -> uploads/drafts/1763678029_guest_c20f8507_car4.jpg
2025-11-21 04:04:08 - Image uploaded: driver_strut_image -> uploads/drafts/1763678047_guest_72a84ea1_car4.jpg
2025-11-21 04:04:25 - Image uploaded: passenger_strut_image -> uploads/drafts/1763678064_guest_a508a9b6_car4.jpg
2025-11-21 04:04:32 - Image uploaded: front_bonnet_image -> uploads/drafts/1763678071_guest_bf557275_car1.jpg
2025-11-21 04:04:47 - Image uploaded: boot_floor_image -> uploads/drafts/1763678086_guest_64adb350_car1.jpg
2025-11-21 04:11:53 - Image uploaded: car_start_image -> uploads/drafts/1763678512_guest_bd10c180_car5.jpg
2025-11-21 04:11:59 - Image uploaded: wiring_image -> uploads/drafts/1763678517_guest_d20934fc_car4.jpg
2025-11-21 04:12:04 - Image uploaded: engine_oil_image -> uploads/drafts/1763678523_guest_8dde3c8c_car1.jpg
2025-11-21 04:12:16 - Image uploaded: smoke_emission_image -> uploads/drafts/1763678535_guest_d794a51c_car4.jpg
2025-11-21 04:28:53 - Image uploaded: obd_scan_photo -> uploads/drafts/1763679531_guest_3b1739a3_car4.jpg
2025-11-21 04:31:13 - Image uploaded: multi_function_display_image -> uploads/drafts/1763679672_guest_5b7d3f95_car2.jpg
2025-11-21 04:31:40 - Image uploaded: car_roof_inside_image -> uploads/drafts/1763679700_guest_39484d83_car5.jpg
2025-11-21 04:44:02 - Image uploaded: ac_cool_image -> uploads/drafts/1763680441_guest_6dd0c37a_car4.jpg
2025-11-21 04:44:07 - Image uploaded: ac_hot_image -> uploads/drafts/1763680446_guest_602d7a70_car2.jpg
2025-11-21 04:45:02 - Image uploaded: driver_front_tyre_image -> uploads/drafts/1763680501_guest_06847e68_car2.jpg
2025-11-21 04:45:58 - Image uploaded: driver_back_tyre_image -> uploads/drafts/1763680557_guest_9400e638_car4.jpg
2025-11-21 04:46:06 - Image uploaded: passenger_back_tyre_image -> uploads/drafts/1763680565_guest_80bcf8e2_step1.jpg
2025-11-21 04:46:16 - Image uploaded: passenger_front_tyre_image -> uploads/drafts/1763680575_guest_0f778e6d_car4.jpg
2025-11-21 04:46:26 - Image uploaded: stepney_tyre_image -> uploads/drafts/1763680585_guest_ceeedf0e_step1.jpg
2025-11-21 04:47:13 - Image uploaded: oil_leak_image -> uploads/drafts/1763680632_guest_6d335db6_car2.jpg
2025-11-21 04:48:10 - Image uploaded: driver_front_shocker_photo -> uploads/drafts/1763680688_guest_456a7af2_car4.jpg
2025-11-21 04:48:15 - Image uploaded: passenger_front_shocker_photo -> uploads/drafts/1763680694_guest_1aafd660_car2.jpg
2025-11-21 04:48:19 - Image uploaded: driver_rear_shocker_photo -> uploads/drafts/1763680699_guest_142e1356_car1.jpg
2025-11-21 04:48:25 - Image uploaded: passenger_rear_shocker_photo -> uploads/drafts/1763680703_guest_a8ea30a0_car4.jpg
2025-11-21 04:49:10 - Image uploaded: underbody_left -> uploads/drafts/1763680749_guest_648812f9_car1.jpg
2025-11-21 04:49:16 - Image uploaded: underbody_rear -> uploads/drafts/1763680755_guest_38d3cd3d_car5.jpg
2025-11-21 04:49:24 - Image uploaded: underbody_right -> uploads/drafts/1763680763_guest_001fbaef_car1.jpg
2025-11-21 04:49:28 - Image uploaded: underbody_front -> uploads/drafts/1763680767_guest_b614ae62_car2.jpg
2025-11-21 04:49:36 - Image uploaded: tool_kit_image -> uploads/drafts/1763680774_guest_f95e88c1_car2.jpg
2025-11-21 04:50:18 - Image uploaded: issues_photo -> uploads/drafts/1763680818_guest_aa9b6b74_car5.jpg
2025-11-21 04:53:43 - Image uploaded: car_front -> uploads/drafts/1763681023_guest_dfb73e58_car5.jpg
2025-11-21 04:53:49 - Image uploaded: car_driver_side -> uploads/drafts/1763681027_guest_c3f29051_car2.jpg
2025-11-21 04:53:59 - Image uploaded: car_corner_front_driver -> uploads/drafts/1763681039_guest_a147af2c_step20.jpg
2025-11-21 04:54:06 - Image uploaded: car_corner_back_driver -> uploads/drafts/1763681044_guest_93d0dfe8_car2.jpg
2025-11-21 04:54:09 - Image uploaded: car_back -> uploads/drafts/1763681048_guest_67cf3879_car5.jpg
2025-11-21 04:54:13 - Image uploaded: car_corner_back_passenger -> uploads/drafts/1763681052_guest_c4354172_car5.jpg
2025-11-21 04:54:17 - Image uploaded: car_passenger_side -> uploads/drafts/1763681056_guest_2bbfd504_car2.jpg
2025-11-21 04:54:22 - Image uploaded: car_corner_front_passenger -> uploads/drafts/1763681061_guest_907f5998_car1.jpg
2025-11-21 04:54:26 - Image uploaded: car_front_interior -> uploads/drafts/1763681065_guest_03d89e6c_step1.jpg
2025-11-21 04:54:32 - Image uploaded: car_rear_interior -> uploads/drafts/1763681071_guest_e63d80b5_car5.jpg
2025-11-21 04:54:37 - Image uploaded: car_4way_switch -> uploads/drafts/1763681076_guest_58f5caa9_car4.jpg
2025-11-21 04:54:42 - Image uploaded: car_trunk_open -> uploads/drafts/1763681081_guest_cd8ae9c9_car4.jpg
2025-11-21 04:54:47 - Image uploaded: car_km_reading_final -> uploads/drafts/1763681086_guest_6cc3124f_car2.jpg
2025-11-21 05:00:05 - Image uploaded: car_photo -> uploads/drafts/1763681404_guest_50a56b38_car1.jpg
2025-11-21 05:20:43 - Image uploaded: car_km_photo -> uploads/drafts/1763682642_guest_8fc0c450_car2.jpg
2025-11-21 05:20:50 - Image uploaded: chassis_plate_photo -> uploads/drafts/1763682649_guest_5447db1c_car5.jpg
2025-11-21 05:21:08 - Image uploaded: radiator_core_image -> uploads/drafts/1763682667_guest_7d5d8d1a_car5.jpg
2025-11-21 05:22:07 - Image uploaded: boot_floor_image -> uploads/drafts/1763682726_guest_845f749d_car2.jpg
2025-11-21 05:22:13 - Image uploaded: radiator_core_image -> uploads/drafts/1763682731_guest_dc0e364d_car4.jpg
2025-11-21 05:22:16 - Image uploaded: driver_strut_image -> uploads/drafts/1763682736_guest_ca591518_car5.jpg
2025-11-21 05:22:21 - Image uploaded: boot_floor_image -> uploads/drafts/1763682740_guest_1d66db0b_car5.jpg
2025-11-21 05:23:09 - Image uploaded: passenger_strut_image -> uploads/drafts/1763682789_guest_733f6e86_car5.jpg
2025-11-21 05:23:14 - Image uploaded: front_bonnet_image -> uploads/drafts/1763682793_guest_190d180e_step1.jpg
2025-11-21 05:27:50 - Image uploaded: car_start_image -> uploads/drafts/1763683070_guest_016551b3_car5.jpg
2025-11-21 05:27:58 - Image uploaded: wiring_image -> uploads/drafts/1763683078_guest_2cd4799f_car5.jpg
2025-11-21 05:28:04 - Image uploaded: engine_oil_image -> uploads/drafts/1763683083_guest_e79ec828_car5.jpg
2025-11-21 05:28:16 - Image uploaded: smoke_emission_image -> uploads/drafts/1763683095_guest_e02c2eb4_car1.jpg
2025-11-21 05:28:29 - Image uploaded: obd_scan_photo -> uploads/drafts/1763683108_guest_cf8a6eab_step1.jpg
2025-11-21 05:30:43 - Image uploaded: multi_function_display_image -> uploads/drafts/1763683242_guest_81b9ed18_car4.jpg
2025-11-21 05:31:05 - Image uploaded: car_roof_inside_image -> uploads/drafts/1763683265_guest_717af884_step14.jpg
2025-11-21 05:33:38 - Image uploaded: ac_cool_image -> uploads/drafts/1763683418_guest_e9444c8b_car1.jpg
2025-11-21 05:33:47 - Image uploaded: ac_hot_image -> uploads/drafts/1763683425_guest_6cd433fe_car2.jpg
2025-11-21 05:34:12 - Image uploaded: driver_front_tyre_image -> uploads/drafts/1763683446_guest_f0f8dc4b_step9.jpg
2025-11-21 05:34:25 - Image uploaded: driver_back_tyre_image -> uploads/drafts/1763683463_guest_141e97c1_car4.jpg
2025-11-21 05:34:33 - Image uploaded: passenger_back_tyre_image -> uploads/drafts/1763683472_guest_99b96e8d_car4.jpg
2025-11-21 05:34:40 - Image uploaded: passenger_front_tyre_image -> uploads/drafts/1763683479_guest_02ac11ed_car5.jpg
2025-11-21 05:34:47 - Image uploaded: stepney_tyre_image -> uploads/drafts/1763683486_guest_9c877f38_car1.jpg
2025-11-21 05:35:06 - Image uploaded: oil_leak_image -> uploads/drafts/1763683505_guest_db65ef86_car4.jpg
2025-11-21 05:35:44 - Image uploaded: driver_front_shocker_photo -> uploads/drafts/1763683543_guest_64c79e4b_car4.jpg
2025-11-21 05:35:49 - Image uploaded: passenger_front_shocker_photo -> uploads/drafts/1763683548_guest_4627c785_car4.jpg
2025-11-21 05:35:54 - Image uploaded: driver_rear_shocker_photo -> uploads/drafts/1763683553_guest_2126ea7d_step1.jpg
2025-11-21 05:36:00 - Image uploaded: passenger_rear_shocker_photo -> uploads/drafts/1763683559_guest_722d5f1f_car5.jpg
2025-11-21 05:36:29 - Image uploaded: underbody_left -> uploads/drafts/1763683588_guest_fe3c25fe_car4.jpg
2025-11-21 05:36:39 - Image uploaded: underbody_rear -> uploads/drafts/1763683594_guest_06a07b0a_step9.jpg
2025-11-21 05:36:50 - Image uploaded: underbody_right -> uploads/drafts/1763683605_guest_78b9c148_step9.jpg
2025-11-21 05:36:54 - Image uploaded: underbody_front -> uploads/drafts/1763683614_guest_1ecee10b_car1.jpg
2025-11-21 05:37:02 - Image uploaded: tool_kit_image -> uploads/drafts/1763683621_guest_d955ca37_car2.jpg
2025-11-21 05:37:16 - Image uploaded: issues_photo -> uploads/drafts/1763683636_guest_cd5b784d_car5.jpg
2025-11-21 05:37:35 - Image uploaded: car_front -> uploads/drafts/1763683654_guest_7c0c77f6_car1.jpg
2025-11-21 05:37:40 - Image uploaded: car_corner_front_driver -> uploads/drafts/1763683659_guest_f3697c6a_car5.jpg
2025-11-21 05:37:47 - Image uploaded: car_driver_side -> uploads/drafts/1763683666_guest_8da92b17_car1.jpg
2025-11-21 05:37:51 - Image uploaded: car_passenger_side -> uploads/drafts/1763683670_guest_57924f84_car5.jpg
2025-11-21 05:37:56 - Image uploaded: car_corner_back_driver -> uploads/drafts/1763683674_guest_3ca1f74d_car4.jpg
2025-11-21 05:43:13 - Image uploaded: car_back -> uploads/drafts/1763683993_guest_7f1761b0_car5.jpg
2025-11-21 05:43:17 - Image uploaded: car_corner_back_passenger -> uploads/drafts/1763683996_guest_9221e541_car4.jpg
2025-11-21 05:43:21 - Image uploaded: car_corner_front_passenger -> uploads/drafts/1763684000_guest_6f2ade9b_car4.jpg
2025-11-21 05:43:24 - Image uploaded: car_front_interior -> uploads/drafts/1763684003_guest_23d60bab_car5.jpg
2025-11-21 05:43:26 - Image uploaded: car_rear_interior -> uploads/drafts/1763684006_guest_ea683116_car5.jpg
2025-11-21 05:45:42 - Image uploaded: car_4way_switch -> uploads/drafts/1763684142_guest_05279594_step1.jpg
2025-11-21 05:46:02 - Image uploaded: car_trunk_open -> uploads/drafts/1763684161_guest_a7088643_car5.jpg
2025-11-21 05:47:41 - Image uploaded: car_km_reading_final -> uploads/drafts/1763684261_guest_b023d6c4_car4.jpg
