2025-11-21 21:18:15 - Image uploaded: car_photo -> uploads/drafts/1763740095_guest_af235301_ha.jpg
2025-11-21 21:18:47 - Image uploaded: car_km_photo -> uploads/drafts/1763740126_guest_f71425f2_ha.jpg
2025-11-21 21:18:53 - Image uploaded: chassis_plate_photo -> uploads/drafts/1763740133_guest_1876ce8c_Untitleddesign1.jpg
2025-11-21 21:21:55 - Image uploaded: radiator_core_image -> uploads/drafts/1763740314_guest_d61a0e28_car4.jpg
2025-11-21 21:22:03 - Image uploaded: driver_strut_image -> uploads/drafts/1763740322_guest_aee559c2_car1.jpg
2025-11-21 21:22:13 - Image uploaded: passenger_strut_image -> uploads/drafts/1763740332_guest_226c10e8_car4.jpg
2025-11-21 21:22:22 - Image uploaded: boot_floor_image -> uploads/drafts/1763740341_guest_64d1b6fc_car5.jpg
2025-11-21 21:22:32 - Image uploaded: front_bonnet_image -> uploads/drafts/1763740351_guest_5dded282_car2.jpg
2025-11-21 21:38:53 - Image uploaded: car_start_image -> uploads/drafts/1763741332_guest_4fe5cebb_car4.jpg
2025-11-21 21:39:00 - Image uploaded: wiring_image -> uploads/drafts/1763741339_guest_523a8468_ha.jpg
2025-11-21 21:39:04 - Image uploaded: engine_oil_image -> uploads/drafts/1763741344_guest_8e00715f_Untitleddesign.jpg
2025-11-21 21:39:14 - Image uploaded: smoke_emission_image -> uploads/drafts/1763741353_guest_051183f5_ha.jpg
2025-11-21 21:39:23 - Image uploaded: obd_scan_photo -> uploads/drafts/1763741363_guest_2d879d46_ha.jpg
2025-11-21 21:39:50 - Image uploaded: multi_function_display_image -> uploads/drafts/1763741389_guest_d597d719_car2.jpg
2025-11-21 21:40:09 - Image uploaded: car_roof_inside_image -> uploads/drafts/1763741409_guest_9a88a677_ha.jpg
2025-11-21 21:40:53 - Image uploaded: ac_cool_image -> uploads/drafts/1763741452_guest_736c76aa_car2.jpg
2025-11-21 21:40:59 - Image uploaded: ac_hot_image -> uploads/drafts/1763741458_guest_57fee2d7_car1.jpg
2025-11-21 21:41:57 - Image uploaded: driver_front_tyre_image -> uploads/drafts/1763741517_guest_8751af9b_car4.jpg
2025-11-21 21:42:02 - Image uploaded: driver_back_tyre_image -> uploads/drafts/1763741522_guest_837d9ad8_Untitleddesign1.jpg
2025-11-21 21:42:07 - Image uploaded: passenger_back_tyre_image -> uploads/drafts/1763741527_guest_c2195b03_Web_Photo_Editor1.jpg
2025-11-21 21:42:14 - Image uploaded: passenger_front_tyre_image -> uploads/drafts/1763741533_guest_f918d47b_xplore_now__qr.jpg
2025-11-21 21:42:17 - Image uploaded: stepney_tyre_image -> uploads/drafts/1763741537_guest_50c345de_ha.jpg
2025-11-21 21:42:52 - Image uploaded: oil_leak_image -> uploads/drafts/1763741572_guest_e5c6c42d_Generated_Image_November_21__2025_-_6_30PM-removeb.jpg
2025-11-21 21:45:28 - Image uploaded: driver_front_shocker_photo -> uploads/drafts/1763741728_guest_f29fab9f_Untitleddesign1.jpg
2025-11-21 21:45:32 - Image uploaded: passenger_front_shocker_photo -> uploads/drafts/1763741732_guest_531b7491_car4.jpg
2025-11-21 21:45:38 - Image uploaded: driver_rear_shocker_photo -> uploads/drafts/1763741737_guest_69b018ef_car2.jpg
2025-11-21 21:45:41 - Image uploaded: passenger_rear_shocker_photo -> uploads/drafts/1763741741_guest_3b665e4f_car1.jpg
2025-11-21 21:46:02 - Image uploaded: underbody_left -> uploads/drafts/1763741762_guest_a77c6ac9_Untitleddesign.jpg
2025-11-21 21:46:08 - Image uploaded: underbody_rear -> uploads/drafts/1763741768_guest_2ebccd11_car5.jpg
2025-11-21 21:46:12 - Image uploaded: underbody_right -> uploads/drafts/1763741772_guest_b8c397b3_car4.jpg
2025-11-21 21:46:16 - Image uploaded: underbody_front -> uploads/drafts/1763741776_guest_7a675036_car1.jpg
2025-11-21 21:46:22 - Image uploaded: tool_kit_image -> uploads/drafts/1763741782_guest_36d3aa91_ha.jpg
2025-11-21 21:47:51 - Image uploaded: issues_photo -> uploads/drafts/1763741871_guest_aadf82aa_Untitleddesign1.jpg
2025-11-21 21:47:55 - Image uploaded: car_front -> uploads/drafts/1763741875_guest_94d0961c_GeneratedImageNovember212025-6_30PM.jpg
2025-11-21 21:48:00 - Image uploaded: car_corner_front_driver -> uploads/drafts/1763741879_guest_bdae81f7_car1.jpg
2025-11-21 21:48:03 - Image uploaded: car_driver_side -> uploads/drafts/1763741883_guest_9825bb23_car5.jpg
2025-11-21 21:48:07 - Image uploaded: car_corner_back_driver -> uploads/drafts/1763741886_guest_7a85811f_car4.jpg
2025-11-21 21:48:10 - Image uploaded: car_back -> uploads/drafts/1763741890_guest_510a3f96_ha.jpg
2025-11-21 21:48:13 - Image uploaded: car_corner_back_passenger -> uploads/drafts/1763741893_guest_2fc1aa17_WhatsAppImage2025-11-16at18.27.58_7418147c.jpg
2025-11-21 21:48:18 - Image uploaded: car_passenger_side -> uploads/drafts/1763741898_guest_dc862287_Untitleddiagram-2025-11-15-163217.jpg
2025-11-21 21:48:21 - Image uploaded: car_corner_front_passenger -> uploads/drafts/1763741901_guest_80ebd3ee_car1.jpg
2025-11-21 21:48:25 - Image uploaded: car_front_interior -> uploads/drafts/1763741904_guest_4e7493fc_car4.jpg
2025-11-21 21:48:27 - Image uploaded: car_rear_interior -> uploads/drafts/1763741907_guest_f2d186ef_car1.jpg
2025-11-21 21:48:31 - Image uploaded: car_4way_switch -> uploads/drafts/1763741911_guest_ad9ff6df_car5.jpg
2025-11-21 21:48:34 - Image uploaded: car_trunk_open -> uploads/drafts/1763741914_guest_96b5f061_car1.jpg
2025-11-21 21:48:40 - Image uploaded: car_km_reading_final -> uploads/drafts/1763741919_guest_79bea0f7_car2.jpg
2025-11-21 22:15:53 - Image uploaded: other_images_0 -> uploads/drafts/1763743553_guest_c86a96e9_ha.jpg
2025-11-21 22:19:39 - Image uploaded: other_image_1 -> uploads/drafts/1763743779_guest_61335dbb_ha.jpg
2025-11-21 22:23:09 - Image uploaded: other_image_3 -> uploads/drafts/1763743989_guest_ffd156a6_Untitleddesign1.jpg
2025-11-21 22:23:20 - Image uploaded: other_image_5 -> uploads/drafts/1763743999_guest_8c069569_car1.jpg
2025-11-21 22:23:24 - Image uploaded: other_image_3 -> uploads/drafts/1763744004_guest_18f8ca4c_car2.jpg
2025-11-21 22:23:48 - Image uploaded: other_image_5 -> uploads/drafts/1763744027_guest_8a3429b5_car4.jpg
