2025-11-21 01:15:36 - Image uploaded: car_photo -> uploads/drafts/1763667936_guest_6afcf323_car2.jpg
2025-11-21 01:16:00 - Image uploaded: car_km_photo -> uploads/drafts/1763667960_guest_6fb97022_car4.jpg
2025-11-21 01:16:14 - Image uploaded: chassis_plate_photo -> uploads/drafts/1763667973_guest_71812d3f_car1.jpg
2025-11-21 01:16:52 - Image uploaded: radiator_core_image -> uploads/drafts/1763668011_guest_0d556b1f_car2.jpg
2025-11-21 01:16:58 - Image uploaded: driver_strut_image -> uploads/drafts/1763668017_guest_59eccc26_car1.jpg
2025-11-21 01:17:00 - Image uploaded: passenger_strut_image -> uploads/drafts/1763668020_guest_f0d36dfb_car5.jpg
2025-11-21 01:17:07 - Image uploaded: front_bonnet_image -> uploads/drafts/1763668026_guest_a217f64d_car4.jpg
2025-11-21 01:17:14 - Image uploaded: boot_floor_image -> uploads/drafts/1763668033_guest_3009bcbf_car5.jpg
2025-11-21 01:17:39 - Image uploaded: car_start_image -> uploads/drafts/1763668059_guest_d3e3bd4b_car4.jpg
2025-11-21 01:17:43 - Image uploaded: wiring_image -> uploads/drafts/1763668063_guest_3c6e3ef3_car5.jpg
2025-11-21 01:17:47 - Image uploaded: engine_oil_image -> uploads/drafts/1763668066_guest_0a528c02_car2.jpg
2025-11-21 01:17:54 - Image uploaded: smoke_emission_image -> uploads/drafts/1763668073_guest_e60baeb7_step1.jpg
2025-11-21 01:18:01 - Image uploaded: obd_scan_photo -> uploads/drafts/1763668080_guest_edbc0474_car4.jpg
2025-11-21 01:18:28 - Image uploaded: multi_function_display_image -> uploads/drafts/1763668108_guest_3fdb9a27_car5.jpg
2025-11-21 01:18:48 - Image uploaded: car_roof_inside_image -> uploads/drafts/1763668128_guest_e5014f27_car4.jpg
2025-11-21 01:19:37 - Image uploaded: ac_cool_image -> uploads/drafts/1763668177_guest_347ed768_car4.jpg
2025-11-21 01:19:41 - Image uploaded: ac_hot_image -> uploads/drafts/1763668181_guest_3c8d3dc8_car2.jpg
2025-11-21 01:19:54 - Image uploaded: driver_front_tyre_image -> uploads/drafts/1763668194_guest_bcf28cd3_car5.jpg
2025-11-21 01:20:01 - Image uploaded: driver_back_tyre_image -> uploads/drafts/1763668201_guest_af0080d5_car4.jpg
2025-11-21 01:20:06 - Image uploaded: passenger_back_tyre_image -> uploads/drafts/1763668206_guest_630b706e_car1.jpg
2025-11-21 01:20:16 - Image uploaded: stepney_tyre_image -> uploads/drafts/1763668216_guest_1f095409_car4.jpg
2025-11-21 01:20:25 - Image uploaded: passenger_front_tyre_image -> uploads/drafts/1763668225_guest_f74f9e2d_car1.jpg
2025-11-21 01:20:36 - Image uploaded: oil_leak_image -> uploads/drafts/1763668236_guest_3f8b9074_car5.jpg
2025-11-21 01:21:11 - Image uploaded: driver_front_shocker_photo -> uploads/drafts/1763668271_guest_1ab4f276_car4.jpg
2025-11-21 03:04:33 - Image uploaded: passenger_front_tyre_image -> uploads/drafts/1763674472_guest_e86f3f3d_car2.jpg
2025-11-21 03:05:15 - Image uploaded: stepney_tyre_image -> uploads/drafts/1763674514_guest_096e4436_car2.jpg
2025-11-21 03:05:24 - Image uploaded: oil_leak_image -> uploads/drafts/1763674522_guest_5296e065_car4.jpg
2025-11-21 03:05:32 - Image uploaded: driver_front_shocker_photo -> uploads/drafts/1763674531_guest_adb53b01_car2.jpg
2025-11-21 03:05:44 - Image uploaded: passenger_front_shocker_photo -> uploads/drafts/1763674542_guest_010ac0ce_car4.jpg
2025-11-21 03:05:48 - Image uploaded: driver_rear_shocker_photo -> uploads/drafts/1763674547_guest_1c6071cb_car2.jpg
2025-11-21 03:05:53 - Image uploaded: passenger_rear_shocker_photo -> uploads/drafts/1763674552_guest_36e20dc4_step17.jpg
2025-11-21 03:06:21 - Image uploaded: underbody_left -> uploads/drafts/1763674580_guest_3886b13b_car1.jpg
2025-11-21 03:06:26 - Image uploaded: underbody_rear -> uploads/drafts/1763674585_guest_72c828ec_car4.jpg
2025-11-21 03:06:55 - Image uploaded: underbody_rear -> uploads/drafts/1763674613_guest_5c665128_step1.jpg
2025-11-21 03:07:14 - Image uploaded: underbody_right -> uploads/drafts/1763674632_guest_62dee5d6_car4.jpg
2025-11-21 03:07:19 - Image uploaded: underbody_front -> uploads/drafts/1763674638_guest_e2e2bceb_car2.jpg
2025-11-21 03:07:25 - Image uploaded: tool_kit_image -> uploads/drafts/1763674644_guest_4f031258_car2.jpg
2025-11-21 03:07:34 - Image uploaded: issues_photo -> uploads/drafts/1763674653_guest_a382d96f_car4.jpg
2025-11-21 03:07:41 - Image uploaded: car_front -> uploads/drafts/1763674661_guest_ec7564e5_car5.jpg
2025-11-21 03:07:45 - Image uploaded: car_corner_front_driver -> uploads/drafts/1763674665_guest_ab4045b9_car5.jpg
2025-11-21 03:07:49 - Image uploaded: car_corner_back_driver -> uploads/drafts/1763674669_guest_7d7bf56e_car5.jpg
2025-11-21 03:07:55 - Image uploaded: car_back -> uploads/drafts/1763674674_guest_7ca73a71_step1.jpg
2025-11-21 03:08:00 - Image uploaded: car_corner_back_passenger -> uploads/drafts/1763674679_guest_5c83fd69_car2.jpg
2025-11-21 03:08:05 - Image uploaded: car_passenger_side -> uploads/drafts/1763674684_guest_e1e073e5_car4.jpg
2025-11-21 03:08:08 - Image uploaded: car_corner_front_passenger -> uploads/drafts/1763674688_guest_3bb3f5c8_car5.jpg
2025-11-21 03:08:13 - Image uploaded: car_front_interior -> uploads/drafts/1763674692_guest_9dbff3e7_car2.jpg
2025-11-21 03:08:17 - Image uploaded: car_rear_interior -> uploads/drafts/1763674697_guest_afcda803_car1.jpg
2025-11-21 03:08:22 - Image uploaded: car_4way_switch -> uploads/drafts/1763674701_guest_cc8ed9d7_car4.jpg
2025-11-21 03:08:27 - Image uploaded: car_trunk_open -> uploads/drafts/1763674706_guest_b7de81f4_car4.jpg
2025-11-21 03:08:33 - Image uploaded: car_km_reading_final -> uploads/drafts/1763674712_guest_81e3b48f_car1.jpg
2025-11-21 03:08:51 - Image uploaded: car_driver_side -> uploads/drafts/1763674730_guest_814f3e7f_car5.jpg
2025-11-21 03:32:17 - Image uploaded: car_photo -> uploads/drafts/1763676136_guest_81ccbee4_car2.jpg
2025-11-21 03:39:54 - Image uploaded: car_km_photo -> uploads/drafts/1763676593_guest_25c5a184_car5.jpg
2025-11-21 03:40:07 - Image uploaded: chassis_plate_photo -> uploads/drafts/1763676607_guest_63a82a64_car5.jpg
2025-11-21 03:40:18 - Image uploaded: radiator_core_image -> uploads/drafts/1763676616_guest_46d0b3d6_car4.jpg
2025-11-21 03:40:24 - Image uploaded: driver_strut_image -> uploads/drafts/1763676623_guest_9c374ec9_car4.jpg
2025-11-21 03:40:29 - Image uploaded: passenger_strut_image -> uploads/drafts/1763676628_guest_04aa895b_car4.jpg
2025-11-21 03:40:34 - Image uploaded: front_bonnet_image -> uploads/drafts/1763676633_guest_8978a258_car4.jpg
2025-11-21 03:40:40 - Image uploaded: boot_floor_image -> uploads/drafts/1763676639_guest_5189377c_car2.jpg
2025-11-21 03:40:56 - Image uploaded: car_start_image -> uploads/drafts/1763676655_guest_67c54b71_car5.jpg
2025-11-21 03:41:02 - Image uploaded: wiring_image -> uploads/drafts/1763676660_guest_b679ebcd_car4.jpg
2025-11-21 03:41:12 - Image uploaded: engine_oil_image -> uploads/drafts/1763676671_guest_c51423bc_car4.jpg
2025-11-21 03:41:24 - Image uploaded: smoke_emission_image -> uploads/drafts/1763676683_guest_837830a5_car2.jpg
2025-11-21 03:41:30 - Image uploaded: obd_scan_photo -> uploads/drafts/1763676690_guest_ce7d5702_car5.jpg
2025-11-21 03:41:53 - Image uploaded: multi_function_display_image -> uploads/drafts/1763676712_guest_b79adaee_car4.jpg
2025-11-21 03:42:12 - Image uploaded: car_roof_inside_image -> uploads/drafts/1763676731_guest_ea0d2ba0_car4.jpg
2025-11-21 03:47:22 - Image uploaded: ac_cool_image -> uploads/drafts/1763677042_guest_646b37f8_car5.jpg
2025-11-21 03:47:27 - Image uploaded: ac_hot_image -> uploads/drafts/1763677046_guest_b861bc57_car5.jpg
2025-11-21 03:48:02 - Image uploaded: driver_front_tyre_image -> uploads/drafts/1763677081_guest_fb73db45_car2.jpg
2025-11-21 03:48:08 - Image uploaded: driver_back_tyre_image -> uploads/drafts/1763677087_guest_0e8bfbac_car5.jpg
2025-11-21 03:48:14 - Image uploaded: passenger_back_tyre_image -> uploads/drafts/1763677093_guest_95850215_car1.jpg
2025-11-21 03:48:22 - Image uploaded: passenger_front_tyre_image -> uploads/drafts/1763677101_guest_a876fd18_car2.jpg
2025-11-21 03:48:28 - Image uploaded: stepney_tyre_image -> uploads/drafts/1763677107_guest_e538cb43_car4.jpg
2025-11-21 03:48:44 - Image uploaded: oil_leak_image -> uploads/drafts/1763677123_guest_3dff8661_car4.jpg
2025-11-21 03:49:17 - Image uploaded: driver_front_shocker_photo -> uploads/drafts/1763677156_guest_44a47717_car4.jpg
2025-11-21 03:49:21 - Image uploaded: passenger_front_shocker_photo -> uploads/drafts/1763677160_guest_924c8339_car1.jpg
2025-11-21 03:49:25 - Image uploaded: driver_rear_shocker_photo -> uploads/drafts/1763677164_guest_27779bd8_car5.jpg
2025-11-21 03:49:29 - Image uploaded: passenger_rear_shocker_photo -> uploads/drafts/1763677168_guest_afa39849_car5.jpg
2025-11-21 03:49:48 - Image uploaded: underbody_left -> uploads/drafts/1763677188_guest_77ee50a3_car5.jpg
2025-11-21 03:49:53 - Image uploaded: underbody_rear -> uploads/drafts/1763677192_guest_23da5989_car4.jpg
2025-11-21 03:49:57 - Image uploaded: underbody_right -> uploads/drafts/1763677196_guest_3c06d7ab_car2.jpg
2025-11-21 03:50:03 - Image uploaded: underbody_front -> uploads/drafts/1763677201_guest_89cd6fe1_car2.jpg
2025-11-21 03:50:09 - Image uploaded: tool_kit_image -> uploads/drafts/1763677207_guest_2023d7c7_car4.jpg
2025-11-21 03:50:14 - Image uploaded: issues_photo -> uploads/drafts/1763677214_guest_22a5f616_car5.jpg
2025-11-21 03:50:25 - Image uploaded: car_front -> uploads/drafts/1763677224_guest_48c84fad_car2.jpg
2025-11-21 03:50:31 - Image uploaded: car_corner_front_driver -> uploads/drafts/1763677230_guest_7432c5b5_car4.jpg
2025-11-21 03:50:37 - Image uploaded: car_driver_side -> uploads/drafts/1763677236_guest_0b15d974_car1.jpg
2025-11-21 03:50:59 - Image uploaded: car_corner_back_driver -> uploads/drafts/1763677257_guest_2fc69f14_car4.jpg
2025-11-21 03:51:02 - Image uploaded: car_back -> uploads/drafts/1763677261_guest_160fdd8e_car5.jpg
2025-11-21 03:51:07 - Image uploaded: car_corner_front_passenger -> uploads/drafts/1763677266_guest_fc3e4c8b_car5.jpg
2025-11-21 03:51:11 - Image uploaded: car_corner_back_passenger -> uploads/drafts/1763677270_guest_8633901f_car4.jpg
2025-11-21 03:51:16 - Image uploaded: car_passenger_side -> uploads/drafts/1763677275_guest_e2d32a24_car4.jpg
2025-11-21 03:51:23 - Image uploaded: car_front_interior -> uploads/drafts/1763677282_guest_9724c839_car1.jpg
2025-11-21 03:51:29 - Image uploaded: car_rear_interior -> uploads/drafts/1763677288_guest_327eda75_car2.jpg
2025-11-21 03:51:33 - Image uploaded: car_4way_switch -> uploads/drafts/1763677293_guest_fecbc44f_car5.jpg
2025-11-21 03:51:38 - Image uploaded: car_trunk_open -> uploads/drafts/1763677297_guest_b547d447_car4.jpg
2025-11-21 03:51:43 - Image uploaded: car_km_reading_final -> uploads/drafts/1763677301_guest_d28dfe34_step1.jpg
