2025-11-21 20:47:49 - Image uploaded: car_photo -> uploads/drafts/1763738268_guest_88b0a21a_GeneratedImageNovember212025-6_25PM.jpg
2025-11-21 20:48:16 - Image uploaded: car_km_photo -> uploads/drafts/1763738295_guest_fd2e19fc_ha.jpg
2025-11-21 20:48:29 - Image uploaded: chassis_plate_photo -> uploads/drafts/1763738308_guest_0c3d63d4_car2.jpg
2025-11-21 20:56:14 - Image uploaded: radiator_core_image -> uploads/drafts/1763738773_guest_c178d6b7_car2.jpg
2025-11-21 20:56:27 - Image uploaded: driver_strut_image -> uploads/drafts/1763738787_guest_898a059e_car1.jpg
2025-11-21 20:56:36 - Image uploaded: passenger_strut_image -> uploads/drafts/1763738795_guest_0435357f_car4.jpg
2025-11-21 20:56:44 - Image uploaded: front_bonnet_image -> uploads/drafts/1763738803_guest_a56d1ca2_car5.jpg
2025-11-21 20:56:53 - Image uploaded: boot_floor_image -> uploads/drafts/1763738812_guest_6ff36ae0_ha.jpg
2025-11-21 20:57:09 - Image uploaded: car_start_image -> uploads/drafts/1763738828_guest_d72f8e0b_car2.jpg
2025-11-21 20:57:15 - Image uploaded: wiring_image -> uploads/drafts/1763738833_guest_a0b69afb_car4.jpg
2025-11-21 20:57:20 - Image uploaded: engine_oil_image -> uploads/drafts/1763738840_guest_1c71070b_Untitleddesign1.jpg
2025-11-21 20:57:34 - Image uploaded: smoke_emission_image -> uploads/drafts/1763738853_guest_ff1fe62c_car4.jpg
2025-11-21 20:57:43 - Image uploaded: obd_scan_photo -> uploads/drafts/1763738863_guest_aad7676b_Untitleddesign1.jpg
2025-11-21 20:58:15 - Image uploaded: multi_function_display_image -> uploads/drafts/1763738894_guest_082ad0bf_car1.jpg
2025-11-21 20:58:33 - Image uploaded: car_roof_inside_image -> uploads/drafts/1763738913_guest_de3afa5e_Untitleddesign1.jpg
2025-11-21 21:00:19 - Image uploaded: ac_cool_image -> uploads/drafts/1763739017_guest_c438973a_car4.jpg
2025-11-21 21:00:25 - Image uploaded: ac_hot_image -> uploads/drafts/1763739023_guest_7d7e821f_car4.jpg
2025-11-21 21:00:49 - Image uploaded: driver_front_tyre_image -> uploads/drafts/1763739048_guest_5f5c1e21_ha.jpg
2025-11-21 21:00:59 - Image uploaded: driver_back_tyre_image -> uploads/drafts/1763739058_guest_fd93cd92_car2.jpg
2025-11-21 21:01:07 - Image uploaded: passenger_back_tyre_image -> uploads/drafts/1763739065_guest_a9858bbf_car4.jpg
2025-11-21 21:01:14 - Image uploaded: passenger_front_tyre_image -> uploads/drafts/1763739074_guest_909ce33f_Untitleddesign1.jpg
2025-11-21 21:01:29 - Image uploaded: stepney_tyre_image -> uploads/drafts/1763739089_guest_e409f51b_Untitleddesign.jpg
2025-11-21 21:01:41 - Image uploaded: oil_leak_image -> uploads/drafts/1763739100_guest_be47b181_GeneratedImageNovember212025-6_25PM.jpg
2025-11-21 21:02:15 - Image uploaded: driver_front_shocker_photo -> uploads/drafts/1763739135_guest_76dc8bf4_Untitleddesign1.jpg
2025-11-21 21:02:21 - Image uploaded: passenger_front_shocker_photo -> uploads/drafts/1763739140_guest_81f4961a_car2.jpg
2025-11-21 21:02:27 - Image uploaded: driver_rear_shocker_photo -> uploads/drafts/1763739146_guest_700fb8e2_car1.jpg
2025-11-21 21:02:32 - Image uploaded: passenger_rear_shocker_photo -> uploads/drafts/1763739152_guest_bdf23e66_Untitleddesign.jpg
2025-11-21 21:02:56 - Image uploaded: underbody_left -> uploads/drafts/1763739175_guest_6dee5504_Untitleddesign.jpg
2025-11-21 21:03:00 - Image uploaded: underbody_rear -> uploads/drafts/1763739179_guest_516928ac_car1.jpg
2025-11-21 21:03:07 - Image uploaded: underbody_right -> uploads/drafts/1763739186_guest_c646aab0_car4.jpg
2025-11-21 21:03:12 - Image uploaded: underbody_front -> uploads/drafts/1763739191_guest_4ae54be0_car2.jpg
2025-11-21 21:03:17 - Image uploaded: tool_kit_image -> uploads/drafts/1763739196_guest_ad1de02a_GeneratedImageNovember212025-6_25PM.jpg
2025-11-21 21:03:22 - Image uploaded: issues_photo -> uploads/drafts/1763739202_guest_288cc0fe_Generated_Image_November_21__2025_-_6_30PM-removeb.jpg
2025-11-21 21:03:30 - Image uploaded: car_front -> uploads/drafts/1763739209_guest_eb75ff56_GeneratedImageNovember212025-6_25PM.jpg
2025-11-21 21:03:37 - Image uploaded: car_corner_front_driver -> uploads/drafts/1763739216_guest_56626881_car4.jpg
2025-11-21 21:03:42 - Image uploaded: car_driver_side -> uploads/drafts/1763739221_guest_fc5dff32_car4.jpg
2025-11-21 21:03:46 - Image uploaded: car_corner_back_driver -> uploads/drafts/1763739226_guest_edc75243_Untitleddesign.jpg
2025-11-21 21:03:52 - Image uploaded: car_back -> uploads/drafts/1763739232_guest_263c3fcb_car5.jpg
2025-11-21 21:03:57 - Image uploaded: car_corner_back_passenger -> uploads/drafts/1763739237_guest_a7baff46_car5.jpg
2025-11-21 21:04:04 - Image uploaded: car_passenger_side -> uploads/drafts/1763739243_guest_9633cf5a_car2.jpg
2025-11-21 21:04:09 - Image uploaded: car_corner_front_passenger -> uploads/drafts/1763739247_guest_3931f3c4_car4.jpg
2025-11-21 21:04:15 - Image uploaded: car_front_interior -> uploads/drafts/1763739254_guest_9eeac4c7_car4.jpg
2025-11-21 21:04:19 - Image uploaded: car_rear_interior -> uploads/drafts/1763739259_guest_fc86b159_car1.jpg
2025-11-21 21:04:27 - Image uploaded: car_4way_switch -> uploads/drafts/1763739265_guest_b87c4018_car4.jpg
2025-11-21 21:04:33 - Image uploaded: car_trunk_open -> uploads/drafts/1763739272_guest_b687c617_Web_Photo_Editor1.jpg
2025-11-21 21:04:39 - Image uploaded: car_km_reading_final -> uploads/drafts/1763739278_guest_68f79535_car1.jpg
