2025-12-03 16:39:19 - Image uploaded: car_photo -> uploads/drafts/1764760159_guest_1d121597_Untitleddesign.jpg
2025-12-03 16:41:12 - Image uploaded: car_km_photo -> uploads/drafts/1764760272_guest_adb9ed81_Untitleddesign1.jpg
2025-12-03 16:41:19 - Image uploaded: chassis_plate_photo -> uploads/drafts/1764760278_guest_eaccce6b_car2.jpg
2025-12-03 16:41:41 - Image uploaded: radiator_core_image -> uploads/drafts/1764760301_guest_f17cd49b_Untitleddesign.jpg
2025-12-03 16:41:53 - Image uploaded: driver_strut_image -> uploads/drafts/1764760312_guest_b9bbfc79_car4.jpg
2025-12-03 16:42:03 - Image uploaded: passenger_strut_image -> uploads/drafts/1764760322_guest_463c21f7_car2.jpg
2025-12-03 16:42:08 - Image uploaded: front_bonnet_image -> uploads/drafts/1764760326_guest_f13538fd_car4.jpg
2025-12-03 16:42:15 - Image uploaded: boot_floor_image -> uploads/drafts/1764760334_guest_219bff9e_car2.jpg
2025-12-03 16:42:38 - Image uploaded: car_start_image -> uploads/drafts/1764760358_guest_522b515f_ha.jpg
2025-12-03 16:42:43 - Image uploaded: wiring_image -> uploads/drafts/1764760361_guest_a1a65f16_car4.jpg
2025-12-03 16:42:49 - Image uploaded: engine_oil_image -> uploads/drafts/1764760368_guest_51a509d6_car1.jpg
2025-12-03 16:42:53 - Image uploaded: smoke_emission_image -> uploads/drafts/1764760372_guest_07135bee_step2.jpg
2025-12-03 16:43:04 - Image uploaded: obd_scan_photo -> uploads/drafts/1764760384_guest_f0810810_ha.jpg
2025-12-03 16:43:25 - Image uploaded: obd_scan_photo -> uploads/drafts/1764760397_guest_0e619694_GeneratedImageNovember152025-9_33PM_imgupscaler.ai.jpg (replaced old image)
2025-12-03 16:43:25 - Image uploaded: obd_scan_photo -> uploads/drafts/1764760405_guest_d49b0eef_URLQRCode.jpg (replaced old image)
2025-12-03 16:47:56 - Image uploaded: multi_function_display_image -> uploads/drafts/1764760675_guest_5d0f581a_ha.jpg
2025-12-03 16:48:15 - Image uploaded: car_roof_inside_image -> uploads/drafts/1764760695_guest_332ca621_Untitleddesign1.jpg
2025-12-03 17:33:20 - Image uploaded: car_roof_inside_image -> uploads/drafts/1764763400_guest_f7274127_Untitleddesign.jpg (replaced old image)
2025-12-03 17:34:01 - Image uploaded: ac_cool_image -> uploads/drafts/1764763440_guest_d1ebbdb1_car5.jpg
2025-12-03 17:34:04 - Image uploaded: ac_hot_image -> uploads/drafts/1764763444_guest_75512126_car2.jpg
2025-12-03 17:34:13 - Image uploaded: driver_front_tyre_image -> uploads/drafts/1764763453_guest_4897323a_step2.jpg
2025-12-03 17:34:23 - Image uploaded: driver_back_tyre_image -> uploads/drafts/1764763463_guest_1ea190a5_car1.jpg
2025-12-03 17:34:28 - Image uploaded: passenger_back_tyre_image -> uploads/drafts/1764763468_guest_d477c3ed_Untitleddesign1.jpg
2025-12-03 17:34:37 - Image uploaded: passenger_front_tyre_image -> uploads/drafts/1764763477_guest_019c6a5d_car5.jpg
2025-12-03 17:34:43 - Image uploaded: stepney_tyre_image -> uploads/drafts/1764763482_guest_410962b1_car4.jpg
2025-12-03 17:46:10 - Image uploaded: oil_leak_image -> uploads/drafts/1764764170_guest_cfc76217_Untitleddesign.jpg
2025-12-03 17:49:04 - Image uploaded: driver_front_shocker_photo -> uploads/drafts/1764764343_guest_295c9f6e_ha.jpg
2025-12-03 17:49:06 - Image uploaded: passenger_front_shocker_photo -> uploads/drafts/1764764346_guest_c8bc0518_car1.jpg
2025-12-03 17:49:10 - Image uploaded: driver_rear_shocker_photo -> uploads/drafts/1764764350_guest_b1464d9c_car4.jpg
2025-12-03 17:49:14 - Image uploaded: passenger_rear_shocker_photo -> uploads/drafts/1764764354_guest_84e242ea_car5.jpg
2025-12-03 17:50:14 - Image uploaded: underbody_left -> uploads/drafts/1764764414_guest_c992bc6c_Untitleddesign.jpg
2025-12-03 17:50:18 - Image uploaded: underbody_rear -> uploads/drafts/1764764417_guest_782af021_step1.jpg
2025-12-03 17:50:23 - Image uploaded: underbody_right -> uploads/drafts/1764764423_guest_7968fc4e_car1.jpg
2025-12-03 17:50:27 - Image uploaded: underbody_front -> uploads/drafts/1764764426_guest_321772f2_car4.jpg
2025-12-03 17:50:34 - Image uploaded: tool_kit_image -> uploads/drafts/1764764434_guest_72af7b33_Untitleddesign1.jpg
2025-12-03 17:50:40 - Image uploaded: issues_photo -> uploads/drafts/1764764440_guest_0ff7a321_Untitleddesign1.jpg
2025-12-03 17:50:45 - Image uploaded: car_front -> uploads/drafts/1764764445_guest_25a663d1_Untitleddesign.jpg
2025-12-03 17:50:50 - Image uploaded: car_corner_front_driver -> uploads/drafts/1764764449_guest_6fd7acfe_car2.jpg
2025-12-03 17:51:01 - Image uploaded: car_driver_side -> uploads/drafts/1764764457_guest_ce712d99_step6.jpg
2025-12-03 17:51:50 - Image uploaded: car_driver_side -> uploads/drafts/1764764509_guest_a462c5ec_pexels-zhangkaiyv-1138369.jpg (replaced old image)
2025-12-03 17:51:51 - Image uploaded: car_corner_back_driver -> uploads/drafts/1764764511_guest_d155717f_Untitleddesign1.jpg
2025-12-03 17:51:55 - Image uploaded: car_back -> uploads/drafts/1764764514_guest_f513301e_car4.jpg
2025-12-03 17:52:00 - Image uploaded: car_corner_back_passenger -> uploads/drafts/1764764520_guest_c4e99efc_car5.jpg
2025-12-03 17:52:03 - Image uploaded: car_passenger_side -> uploads/drafts/1764764522_guest_e048ba50_car4.jpg
2025-12-03 17:52:15 - Image uploaded: car_front_interior -> uploads/drafts/1764764535_guest_7a6f0654_car4.jpg
2025-12-03 17:52:22 - Image uploaded: car_rear_interior -> uploads/drafts/1764764541_guest_193e4d87_car2.jpg
2025-12-03 17:52:26 - Image uploaded: car_4way_switch -> uploads/drafts/1764764545_guest_8cc7aaaa_step2.jpg
2025-12-03 17:52:29 - Image uploaded: car_trunk_open -> uploads/drafts/1764764549_guest_2e06d615_Untitleddesign1.jpg
2025-12-03 17:52:33 - Image uploaded: car_km_reading_final -> uploads/drafts/1764764553_guest_68b8d59b_car5.jpg
2025-12-03 17:52:49 - Image uploaded: car_corner_front_passenger -> uploads/drafts/1764764569_guest_aee8c215_Untitleddesign1.jpg
2025-12-03 18:07:41 - Image uploaded: payment_screenshot -> uploads/drafts/1764765461_guest_48b6a43c_car4.jpg
2025-12-03 18:08:44 - Image uploaded: other_image_1 -> uploads/drafts/1764765523_guest_38b54f26_ha.jpg
2025-12-03 18:08:45 - Image uploaded: other_image_2 -> uploads/drafts/1764765525_guest_5dca9217_Untitleddesign.jpg
2025-12-03 18:08:51 - Image uploaded: other_image_5 -> uploads/drafts/1764765531_guest_d86e283f_Untitleddesign1.jpg
2025-12-03 18:54:33 - Image uploaded: other_image_5 -> uploads/drafts/1764768273_guest_b294e407_car4.jpg (replaced old image)
2025-12-03 18:54:37 - Image uploaded: other_image_5 -> uploads/drafts/1764768277_guest_919ccef6_car5.jpg (replaced old image)
2025-12-03 18:54:42 - Image uploaded: other_image_5 -> uploads/drafts/1764768281_guest_228864eb_car2.jpg (replaced old image)
2025-12-03 18:54:46 - Image uploaded: other_image_2 -> uploads/drafts/1764768286_guest_8624796b_car2.jpg (replaced old image)
2025-12-03 18:54:50 - Image uploaded: other_image_1 -> uploads/drafts/1764768290_guest_bb16ea8e_car2.jpg (replaced old image)
