2025-11-21 06:19:15 - Image uploaded: car_photo -> uploads/drafts/1763686154_guest_aebaeb4d_car5.jpg
2025-11-21 06:20:23 - Image uploaded: car_photo -> uploads/drafts/1763686222_guest_17d402b1_car1.jpg
2025-11-21 06:20:51 - Image uploaded: car_km_photo -> uploads/drafts/1763686250_guest_83bdc039_step1.jpg
2025-11-21 06:21:00 - Image uploaded: chassis_plate_photo -> uploads/drafts/1763686259_guest_e2edbb07_car4.jpg
2025-11-21 06:21:12 - Image uploaded: radiator_core_image -> uploads/drafts/1763686271_guest_fa1a7949_car1.jpg
2025-11-21 06:21:18 - Image uploaded: driver_strut_image -> uploads/drafts/1763686278_guest_d551c192_car5.jpg
2025-11-21 06:21:27 - Image uploaded: front_bonnet_image -> uploads/drafts/1763686287_guest_fb50d3a5_car1.jpg
2025-11-21 06:21:30 - Image uploaded: passenger_strut_image -> uploads/drafts/1763686289_guest_cb30d015_car4.jpg
2025-11-21 06:21:35 - Image uploaded: boot_floor_image -> uploads/drafts/1763686295_guest_77e029d8_car5.jpg
2025-11-21 06:24:22 - Image uploaded: engine_oil_image -> uploads/drafts/1763686461_guest_f39efea0_car5.jpg
2025-11-21 06:24:25 - Image uploaded: wiring_image -> uploads/drafts/1763686465_guest_c18ee21b_car4.jpg
2025-11-21 06:24:29 - Image uploaded: smoke_emission_image -> uploads/drafts/1763686469_guest_36017648_car2.jpg
2025-11-21 06:24:47 - Image uploaded: car_start_image -> uploads/drafts/1763686486_guest_ac99eb48_car1.jpg
2025-11-21 06:24:55 - Image uploaded: obd_scan_photo -> uploads/drafts/1763686495_guest_1bcbae85_car5.jpg
2025-11-21 06:25:23 - Image uploaded: multi_function_display_image -> uploads/drafts/1763686523_guest_6fc6c109_car4.jpg
2025-11-21 06:25:45 - Image uploaded: car_roof_inside_image -> uploads/drafts/1763686545_guest_94a1bf4b_car1.jpg
2025-11-21 06:26:55 - Image uploaded: ac_cool_image -> uploads/drafts/1763686615_guest_e87d2fde_car4.jpg
2025-11-21 06:26:58 - Image uploaded: ac_hot_image -> uploads/drafts/1763686618_guest_8b1fe862_car5.jpg
2025-11-21 06:27:07 - Image uploaded: driver_front_tyre_image -> uploads/drafts/1763686627_guest_3892d942_car1.jpg
2025-11-21 06:27:13 - Image uploaded: driver_back_tyre_image -> uploads/drafts/1763686633_guest_0cbcb2d9_car5.jpg
2025-11-21 06:27:18 - Image uploaded: passenger_back_tyre_image -> uploads/drafts/1763686637_guest_2196af67_step1.jpg
2025-11-21 06:27:25 - Image uploaded: passenger_front_tyre_image -> uploads/drafts/1763686644_guest_0e588de8_step1.jpg
2025-11-21 06:28:01 - Image uploaded: stepney_tyre_image -> uploads/drafts/1763686680_guest_5ec1e7fc_car4.jpg
2025-11-21 06:28:27 - Image uploaded: oil_leak_image -> uploads/drafts/1763686707_guest_dc794fab_car1.jpg
2025-11-21 06:28:56 - Image uploaded: driver_front_shocker_photo -> uploads/drafts/1763686735_guest_69f1cf89_car4.jpg
2025-11-21 06:28:58 - Image uploaded: passenger_front_shocker_photo -> uploads/drafts/1763686738_guest_1fb52b6f_car2.jpg
2025-11-21 06:29:01 - Image uploaded: driver_rear_shocker_photo -> uploads/drafts/1763686741_guest_2eb70ac2_car1.jpg
2025-11-21 06:29:04 - Image uploaded: passenger_rear_shocker_photo -> uploads/drafts/1763686744_guest_203189ff_car5.jpg
2025-11-21 06:29:36 - Image uploaded: underbody_left -> uploads/drafts/1763686775_guest_d5724228_car4.jpg
2025-11-21 06:29:40 - Image uploaded: underbody_rear -> uploads/drafts/1763686780_guest_2a6995e7_car1.jpg
2025-11-21 06:29:43 - Image uploaded: underbody_right -> uploads/drafts/1763686783_guest_8db04ae4_car1.jpg
2025-11-21 06:29:46 - Image uploaded: underbody_front -> uploads/drafts/1763686786_guest_f6d75ced_car5.jpg
2025-11-21 06:29:52 - Image uploaded: tool_kit_image -> uploads/drafts/1763686791_guest_e6f49e3f_car4.jpg
2025-11-21 06:31:13 - Image uploaded: issues_photo -> uploads/drafts/1763686872_guest_27940585_car5.jpg
2025-11-21 06:31:19 - Image uploaded: car_front -> uploads/drafts/1763686879_guest_f8cd2ef5_car4.jpg
2025-11-21 06:31:22 - Image uploaded: car_corner_front_driver -> uploads/drafts/1763686881_guest_78dcf39d_car4.jpg
2025-11-21 06:31:25 - Image uploaded: car_driver_side -> uploads/drafts/1763686885_guest_f9b2bfdf_car5.jpg
2025-11-21 06:31:29 - Image uploaded: car_corner_back_driver -> uploads/drafts/1763686888_guest_48d6f9a1_car1.jpg
2025-11-21 06:31:32 - Image uploaded: car_back -> uploads/drafts/1763686892_guest_7bfc3bc9_car2.jpg
2025-11-21 06:31:36 - Image uploaded: car_corner_back_passenger -> uploads/drafts/1763686895_guest_5885ed8c_car4.jpg
2025-11-21 06:31:39 - Image uploaded: car_passenger_side -> uploads/drafts/1763686899_guest_89e8b2ef_car5.jpg
2025-11-21 06:31:42 - Image uploaded: car_corner_front_passenger -> uploads/drafts/1763686902_guest_ce789262_car1.jpg
2025-11-21 06:31:45 - Image uploaded: car_front_interior -> uploads/drafts/1763686905_guest_885bbc60_car2.jpg
2025-11-21 06:31:48 - Image uploaded: car_rear_interior -> uploads/drafts/1763686908_guest_d5019a3b_car1.jpg
2025-11-21 06:31:51 - Image uploaded: car_4way_switch -> uploads/drafts/1763686911_guest_35e5158f_car5.jpg
2025-11-21 06:31:54 - Image uploaded: car_trunk_open -> uploads/drafts/1763686913_guest_475baf23_car5.jpg
2025-11-21 06:31:59 - Image uploaded: car_km_reading_final -> uploads/drafts/1763686918_guest_f982121f_car4.jpg
