2025-11-21 17:12:58 - Image uploaded: car_photo -> uploads/drafts/1763725377_guest_1eba5d1f_car1.jpg
2025-11-21 17:13:54 - Image uploaded: car_km_photo -> uploads/drafts/1763725433_guest_3841fa7e_car4.jpg
2025-11-21 17:14:02 - Image uploaded: chassis_plate_photo -> uploads/drafts/1763725441_guest_19351033_car1.jpg
2025-11-21 17:14:15 - Image uploaded: radiator_core_image -> uploads/drafts/1763725454_guest_ef090729_car4.jpg
2025-11-21 17:14:25 - Image uploaded: driver_strut_image -> uploads/drafts/1763725464_guest_a8e54d8b_car4.jpg
2025-11-21 17:14:32 - Image uploaded: passenger_strut_image -> uploads/drafts/1763725471_guest_2db8113a_car1.jpg
2025-11-21 17:14:38 - Image uploaded: front_bonnet_image -> uploads/drafts/1763725477_guest_5e4be72c_car4.jpg
2025-11-21 17:14:43 - Image uploaded: boot_floor_image -> uploads/drafts/1763725482_guest_b9f40472_car1.jpg
2025-11-21 17:15:09 - Image uploaded: car_start_image -> uploads/drafts/1763725508_guest_c0f2009d_car4.jpg
2025-11-21 17:15:14 - Image uploaded: wiring_image -> uploads/drafts/1763725512_guest_afc11c9c_car4.jpg
2025-11-21 17:15:18 - Image uploaded: engine_oil_image -> uploads/drafts/1763725517_guest_d6ed234d_car4.jpg
2025-11-21 17:15:27 - Image uploaded: smoke_emission_image -> uploads/drafts/1763725526_guest_d6e5817b_car1.jpg
2025-11-21 17:15:35 - Image uploaded: obd_scan_photo -> uploads/drafts/1763725534_guest_28675866_car5.jpg
2025-11-21 17:16:04 - Image uploaded: multi_function_display_image -> uploads/drafts/1763725564_guest_206faae4_car5.jpg
2025-11-21 17:17:30 - Image uploaded: car_roof_inside_image -> uploads/drafts/1763725649_guest_60447779_car1.jpg
2025-11-21 17:18:25 - Image uploaded: ac_cool_image -> uploads/drafts/1763725704_guest_282d1c7a_car4.jpg
2025-11-21 17:18:30 - Image uploaded: ac_hot_image -> uploads/drafts/1763725709_guest_dc06c330_car2.jpg
2025-11-21 17:18:45 - Image uploaded: driver_front_tyre_image -> uploads/drafts/1763725724_guest_5dbe2c8f_car4.jpg
2025-11-21 17:18:51 - Image uploaded: driver_back_tyre_image -> uploads/drafts/1763725730_guest_b34e17f5_step1.jpg
2025-11-21 17:19:00 - Image uploaded: passenger_back_tyre_image -> uploads/drafts/1763725739_guest_ec54e8d3_car4.jpg
2025-11-21 17:19:07 - Image uploaded: passenger_front_tyre_image -> uploads/drafts/1763725745_guest_2509c2b6_car4.jpg
2025-11-21 17:19:13 - Image uploaded: stepney_tyre_image -> uploads/drafts/1763725753_guest_7363f30c_car5.jpg
2025-11-21 17:19:45 - Image uploaded: oil_leak_image -> uploads/drafts/1763725784_guest_d06182d6_car4.jpg
2025-11-21 17:20:19 - Image uploaded: driver_front_shocker_photo -> uploads/drafts/1763725818_guest_d68be4a7_car4.jpg
2025-11-21 17:20:23 - Image uploaded: passenger_front_shocker_photo -> uploads/drafts/1763725821_guest_b491402e_car4.jpg
2025-11-21 17:20:27 - Image uploaded: driver_rear_shocker_photo -> uploads/drafts/1763725825_guest_369bdc96_car4.jpg
2025-11-21 17:20:30 - Image uploaded: passenger_rear_shocker_photo -> uploads/drafts/1763725829_guest_032d1a69_car5.jpg
2025-11-21 17:20:53 - Image uploaded: underbody_left -> uploads/drafts/1763725852_guest_67d6ccbf_car4.jpg
2025-11-21 17:20:57 - Image uploaded: underbody_rear -> uploads/drafts/1763725856_guest_738f1a3c_car4.jpg
2025-11-21 17:21:02 - Image uploaded: underbody_right -> uploads/drafts/1763725861_guest_870d63f5_car2.jpg
2025-11-21 17:21:05 - Image uploaded: underbody_front -> uploads/drafts/1763725865_guest_236c5c0a_car5.jpg
2025-11-21 17:21:11 - Image uploaded: tool_kit_image -> uploads/drafts/1763725870_guest_531f78da_car4.jpg
2025-11-21 17:21:16 - Image uploaded: issues_photo -> uploads/drafts/1763725875_guest_60a6b3be_car5.jpg
2025-11-21 17:21:22 - Image uploaded: car_front -> uploads/drafts/1763725882_guest_1db66e5d_car5.jpg
2025-11-21 17:21:27 - Image uploaded: car_corner_back_driver -> uploads/drafts/1763725886_guest_76aa52e6_car4.jpg
2025-11-21 17:21:30 - Image uploaded: car_corner_front_driver -> uploads/drafts/1763725889_guest_c833f673_car1.jpg
2025-11-21 17:21:34 - Image uploaded: car_driver_side -> uploads/drafts/1763725893_guest_8dccd89f_car1.jpg
2025-11-21 17:21:38 - Image uploaded: car_back -> uploads/drafts/1763725897_guest_a3c57a11_car1.jpg
2025-11-21 17:21:45 - Image uploaded: car_corner_back_passenger -> uploads/drafts/1763725904_guest_cb430cff_car1.jpg
2025-11-21 17:21:49 - Image uploaded: car_passenger_side -> uploads/drafts/1763725908_guest_fedbb353_car4.jpg
2025-11-21 17:21:53 - Image uploaded: car_corner_front_passenger -> uploads/drafts/1763725913_guest_5e8a4992_car5.jpg
2025-11-21 17:21:58 - Image uploaded: car_front_interior -> uploads/drafts/1763725917_guest_5ef7bd2c_car4.jpg
2025-11-21 17:22:02 - Image uploaded: car_rear_interior -> uploads/drafts/1763725921_guest_14e7b693_car2.jpg
2025-11-21 17:22:06 - Image uploaded: car_4way_switch -> uploads/drafts/1763725926_guest_9c2b5f82_car1.jpg
2025-11-21 17:22:11 - Image uploaded: car_trunk_open -> uploads/drafts/1763725930_guest_f2ddce6e_car1.jpg
2025-11-21 17:22:15 - Image uploaded: car_km_reading_final -> uploads/drafts/1763725934_guest_ca4c068a_car2.jpg
