[21-Dec-2025 16:38:59 Asia/Kolkata] Auto-cleanup: No drafts found
[21-Dec-2025 16:58:36 Asia/Kolkata] Form submission received. Files count: 64, POST fields: 47
[21-Dec-2025 16:58:36 Asia/Kolkata] Step 4 Checkbox Debug:
[21-Dec-2025 16:58:36 Asia/Kolkata]   registration_certificate: NOT SET
[21-Dec-2025 16:58:36 Asia/Kolkata]   car_insurance: NOT SET
[21-Dec-2025 16:58:36 Asia/Kolkata]   car_finance_noc: NOT SET
[21-Dec-2025 16:58:36 Asia/Kolkata] Total files processed: 7
[21-Dec-2025 16:58:36 Asia/Kolkata] Generating PDF with 7 images
[21-Dec-2025 16:58:41 Asia/Kolkata] PDF generated successfully: D:\SEMESTER - VII\php2\pdfs\inspection_12324_1766316521.pdf
[21-Dec-2025 16:58:41 Asia/Kolkata] === CLEANUP PHASE 1: Starting immediate cleanup after PDF generation ===
[21-Dec-2025 16:58:41 Asia/Kolkata] Cleanup: Deleting draft and all images for draft ID: draft_6947d55bc14194.72978083
[21-Dec-2025 16:58:41 Asia/Kolkata] Cleanup: Starting cleanup for draft: draft_6947d55bc14194.72978083
[21-Dec-2025 16:58:41 Asia/Kolkata] Cleanup: Deleted image: uploads/drafts/car_photo_1766315355_9ec5c1e3.jpg
[21-Dec-2025 16:58:41 Asia/Kolkata] Cleanup: Deleted thumbnail: uploads/drafts\thumb_car_photo_1766315355_9ec5c1e3.jpg
[21-Dec-2025 16:58:41 Asia/Kolkata] Cleanup: Deleted image: uploads/drafts/payment_screenshot_1766315361_84db9721.jpg
[21-Dec-2025 16:58:41 Asia/Kolkata] Cleanup: Deleted thumbnail: uploads/drafts\thumb_payment_screenshot_1766315361_84db9721.jpg
[21-Dec-2025 16:58:41 Asia/Kolkata] Cleanup: Deleted image: uploads/drafts/issues_photo_1_1766316362_35bced6f.jpg
[21-Dec-2025 16:58:41 Asia/Kolkata] Cleanup: Deleted thumbnail: uploads/drafts\thumb_issues_photo_1_1766316362_35bced6f.jpg
[21-Dec-2025 16:58:41 Asia/Kolkata] Cleanup: Deleted image: uploads/drafts/issues_photo_3_1766316366_8f217268.jpg
[21-Dec-2025 16:58:41 Asia/Kolkata] Cleanup: Deleted thumbnail: uploads/drafts\thumb_issues_photo_3_1766316366_8f217268.jpg
[21-Dec-2025 16:58:41 Asia/Kolkata] Cleanup: Deleted image: uploads/drafts/issues_photo_5_1766316369_77005ce9.jpg
[21-Dec-2025 16:58:41 Asia/Kolkata] Cleanup: Deleted thumbnail: uploads/drafts\thumb_issues_photo_5_1766316369_77005ce9.jpg
[21-Dec-2025 16:58:41 Asia/Kolkata] Cleanup: Deleted image: uploads/drafts/tool_kit_image_1766316386_3475bedb.jpg
[21-Dec-2025 16:58:41 Asia/Kolkata] Cleanup: Deleted thumbnail: uploads/drafts\thumb_tool_kit_image_1766316386_3475bedb.jpg
[21-Dec-2025 16:58:41 Asia/Kolkata] Cleanup: Deleted image: uploads/drafts/obd_scan_photo_1766316454_20d7c82a.jpg
[21-Dec-2025 16:58:41 Asia/Kolkata] Cleanup: Deleted thumbnail: uploads/drafts\thumb_obd_scan_photo_1766316454_20d7c82a.jpg
[21-Dec-2025 16:58:41 Asia/Kolkata] Cleanup: Deleted audit log: D:\SEMESTER - VII\php2\drafts\audit\draft_6947d55bc14194.72978083.log
[21-Dec-2025 16:58:41 Asia/Kolkata] Cleanup: Deleted draft file: D:\SEMESTER - VII\php2\uploads\drafts\draft_6947d55bc14194.72978083.json
[21-Dec-2025 16:58:41 Asia/Kolkata] Cleanup: Successfully cleaned up draft draft_6947d55bc14194.72978083 - Deleted 7 images, 1 files, Freed 8.72 MB
[21-Dec-2025 16:58:41 Asia/Kolkata] Cleanup: Draft deleted - 7 images, 8.72 MB freed
[21-Dec-2025 16:58:41 Asia/Kolkata] === CLEANUP PHASE 1 COMPLETE ===
[21-Dec-2025 16:58:41 Asia/Kolkata] Draft deleted: Yes
[21-Dec-2025 16:58:41 Asia/Kolkata] Images deleted: 7
[21-Dec-2025 16:58:41 Asia/Kolkata] Compressed deleted: 0
[21-Dec-2025 16:58:41 Asia/Kolkata] Uniform deleted: 0
[21-Dec-2025 16:58:41 Asia/Kolkata] Thumbnails deleted: 0
[21-Dec-2025 16:58:41 Asia/Kolkata] Total space freed: 8.72 MB
[21-Dec-2025 16:58:41 Asia/Kolkata] === SMTP PHASE: Starting email sending BEFORE response ===
[21-Dec-2025 16:58:41 Asia/Kolkata] Email: Attaching PDF - Size: 0.58 MB
[21-Dec-2025 16:58:42 Asia/Kolkata] Email: Attempting to send to avunashdhanuka@gmail.com
[21-Dec-2025 16:58:52 Asia/Kolkata] Email: Send completed successfully
[21-Dec-2025 16:58:52 Asia/Kolkata] SMTP: Email sent successfully for: D:\SEMESTER - VII\php2\pdfs\inspection_12324_1766316521.pdf
[21-Dec-2025 16:58:52 Asia/Kolkata] === SMTP PHASE COMPLETE ===
[21-Dec-2025 16:58:52 Asia/Kolkata] === USER RESPONSE SENT - User can now start new inspection ===
[21-Dec-2025 16:58:52 Asia/Kolkata] === SUBMISSION WORKFLOW COMPLETE ===
