[21-Nov-2025 20:47:28 Asia/Kolkata] Draft discarded: draft_69205d113025f2.89951816 - Deleted 1 images and 1 files
[03-Dec-2025 19:25:56 Asia/Kolkata] Deleted draft image: D:\SEMESTER - VII\php2\drafts/../uploads/drafts/1764770139_guest_f83fcf19_image.jpg
[03-Dec-2025 19:25:56 Asia/Kolkata] Deleted draft thumbnail: D:\SEMESTER - VII\php2\drafts/../uploads/drafts\thumb_1764770139_guest_f83fcf19_image.jpg
[03-Dec-2025 19:25:56 Asia/Kolkata] Draft discarded: draft_693041538672e6.22449279 - Deleted 1 images and 1 files
[03-Dec-2025 22:01:17 Asia/Kolkata] Deleted draft image: D:\SEMESTER - VII\php2\uploads\drafts\1764779287_guest_dce3106f_Untitleddesign1.jpg
[03-Dec-2025 22:01:17 Asia/Kolkata] Deleted draft thumbnail: D:\SEMESTER - VII\php2\uploads\drafts\thumb_1764779287_guest_dce3106f_Untitleddesign1.jpg
[03-Dec-2025 22:01:17 Asia/Kolkata] Deleted draft image: D:\SEMESTER - VII\php2\uploads\drafts\1764779390_guest_91dd9fb6_car4.jpg
[03-Dec-2025 22:01:17 Asia/Kolkata] Deleted draft thumbnail: D:\SEMESTER - VII\php2\uploads\drafts\thumb_1764779390_guest_91dd9fb6_car4.jpg
[03-Dec-2025 22:01:17 Asia/Kolkata] Deleted audit log: D:\SEMESTER - VII\php2\drafts\audit\draft_69306517321689.49084449.log
[03-Dec-2025 22:01:17 Asia/Kolkata] Deleted draft file: D:\SEMESTER - VII\php2\uploads\drafts\draft_69306517321689.49084449.json
[03-Dec-2025 22:01:17 Asia/Kolkata] Draft discarded: draft_69306517321689.49084449 - Deleted 2 images and 1 files
[03-Dec-2025 22:50:30 Asia/Kolkata] Deleted draft image: D:\SEMESTER - VII\php2\uploads\drafts\1764782414_guest_59ab9400_ha.jpg
[03-Dec-2025 22:50:30 Asia/Kolkata] Deleted draft thumbnail: D:\SEMESTER - VII\php2\uploads\drafts\thumb_1764782414_guest_59ab9400_ha.jpg
[03-Dec-2025 22:50:30 Asia/Kolkata] Deleted audit log: D:\SEMESTER - VII\php2\drafts\audit\draft_6930714e7a9e48.55503242.log
[03-Dec-2025 22:50:30 Asia/Kolkata] Deleted draft file: D:\SEMESTER - VII\php2\uploads\drafts\draft_6930714e7a9e48.55503242.json
[03-Dec-2025 22:50:30 Asia/Kolkata] Draft discarded: draft_6930714e7a9e48.55503242 - Deleted 1 images and 1 files
[04-Dec-2025 16:44:05 Asia/Kolkata] Draft image not found for deletion: uploads/drafts/car_photo_1764846649_dd03834c.jpg
[04-Dec-2025 16:44:05 Asia/Kolkata] Deleted audit log: D:\SEMESTER - VII\php2\drafts\audit\draft_69316c396b4901.97949266.log
[04-Dec-2025 16:44:05 Asia/Kolkata] Deleted draft file: D:\SEMESTER - VII\php2\uploads\drafts\draft_69316c396b4901.97949266.json
[04-Dec-2025 16:44:05 Asia/Kolkata] Draft discarded: draft_69316c396b4901.97949266 - Deleted 0 images and 1 files
[07-Dec-2025 22:44:40 Asia/Kolkata] Deleted draft image: D:\SEMESTER - VII\php2\uploads\drafts\car_photo_1765127643_9967e766.jpg
[07-Dec-2025 22:44:40 Asia/Kolkata] Deleted draft thumbnail: D:\SEMESTER - VII\php2\uploads\drafts\thumb_car_photo_1765127643_9967e766.jpg
[07-Dec-2025 22:44:40 Asia/Kolkata] Deleted audit log: D:\SEMESTER - VII\php2\drafts\audit\draft_6935b5dbdff445.69350832.log
[07-Dec-2025 22:44:40 Asia/Kolkata] Deleted draft file: D:\SEMESTER - VII\php2\uploads\drafts\draft_6935b5dbdff445.69350832.json
[07-Dec-2025 22:44:40 Asia/Kolkata] Draft discarded: draft_6935b5dbdff445.69350832 - Deleted 1 images and 1 files
[07-Dec-2025 23:03:02 Asia/Kolkata] Deleted draft image: D:\SEMESTER - VII\php2\uploads\drafts\car_photo_1765128757_9e1605fc.jpg
[07-Dec-2025 23:03:02 Asia/Kolkata] Deleted draft thumbnail: D:\SEMESTER - VII\php2\uploads\drafts\thumb_car_photo_1765128757_9e1605fc.jpg
[07-Dec-2025 23:03:02 Asia/Kolkata] Deleted audit log: D:\SEMESTER - VII\php2\drafts\audit\draft_6935ba354cf9f8.59018685.log
[07-Dec-2025 23:03:02 Asia/Kolkata] Deleted draft file: D:\SEMESTER - VII\php2\uploads\drafts\draft_6935ba354cf9f8.59018685.json
[07-Dec-2025 23:03:02 Asia/Kolkata] Draft discarded: draft_6935ba354cf9f8.59018685 - Deleted 1 images and 1 files
